<?xml version="1.0" encoding="UTF-8"?>
<testsuite name="academy Choucair" tests="1" skipped="0" failures="1" errors="0" timestamp="2022-10-20T20:12:09" hostname="DESKTOP-7RI2P00" time="67.071">
  <properties/>
  <testcase name="create a new user to enter the Utest page" classname="academy Choucair" time="67.071">
    <failure message="net.serenitybdd.core.exceptions.SerenityManagedException: The following error occurred: chrome not reachable&#10;  (Session info: chrome=106.0.5249.119)&#10;Build info: version: '3.141.59', revision: 'e82be7d358', time: '2018-11-14T08:17:03'&#10;System info: host: 'DESKTOP-7RI2P00', ip: '192.168.20.44', os.name: 'Windows 10', os.arch: 'amd64', os.version: '10.0', java.version: '1.8.0_221'&#10;Driver info: org.openqa.selenium.chrome.ChromeDriver&#10;Capabilities {acceptInsecureCerts: false, browserName: chrome, browserVersion: 106.0.5249.119, chrome: {chromedriverVersion: 105.0.5195.52 (412c95e51883..., userDataDir: C:\Users\samue\AppData\Loca...}, goog:chromeOptions: {debuggerAddress: localhost:52828}, javascriptEnabled: true, networkConnectionEnabled: false, pageLoadStrategy: normal, platform: WINDOWS, platformName: WINDOWS, proxy: Proxy(), setWindowRect: true, strictFileInteractability: false, timeouts: {implicit: 0, pageLoad: 300000, script: 30000}, unhandledPromptBehavior: dismiss and notify, webauthn:extension:credBlob: true, webauthn:extension:largeBlob: true, webauthn:virtualAuthenticators: true}&#10;Session ID: 92a0c77adc573ec234bf0fdb8c020f08&#10;*** Element info: {Using=id, value=zip}" type="net.serenitybdd.core.exceptions.SerenityManagedException">net.serenitybdd.core.exceptions.SerenityManagedException: The following error occurred: chrome not reachable
  (Session info: chrome=106.0.5249.119)
Build info: version: '3.141.59', revision: 'e82be7d358', time: '2018-11-14T08:17:03'
System info: host: 'DESKTOP-7RI2P00', ip: '192.168.20.44', os.name: 'Windows 10', os.arch: 'amd64', os.version: '10.0', java.version: '1.8.0_221'
Driver info: org.openqa.selenium.chrome.ChromeDriver
Capabilities {acceptInsecureCerts: false, browserName: chrome, browserVersion: 106.0.5249.119, chrome: {chromedriverVersion: 105.0.5195.52 (412c95e51883..., userDataDir: C:\Users\samue\AppData\Loca...}, goog:chromeOptions: {debuggerAddress: localhost:52828}, javascriptEnabled: true, networkConnectionEnabled: false, pageLoadStrategy: normal, platform: WINDOWS, platformName: WINDOWS, proxy: Proxy(), setWindowRect: true, strictFileInteractability: false, timeouts: {implicit: 0, pageLoad: 300000, script: 30000}, unhandledPromptBehavior: dismiss and notify, webauthn:extension:credBlob: true, webauthn:extension:largeBlob: true, webauthn:virtualAuthenticators: true}
Session ID: 92a0c77adc573ec234bf0fdb8c020f08
*** Element info: {Using=id, value=zip}
	at sun.reflect.NativeConstructorAccessorImpl.newInstance0(Native Method)
	at sun.reflect.NativeConstructorAccessorImpl.newInstance(NativeConstructorAccessorImpl.java:62)
	at sun.reflect.DelegatingConstructorAccessorImpl.newInstance(DelegatingConstructorAccessorImpl.java:45)
	at java.lang.reflect.Constructor.newInstance(Constructor.java:423)
	at org.openqa.selenium.remote.http.W3CHttpResponseCodec.createException(W3CHttpResponseCodec.java:187)
	at org.openqa.selenium.remote.http.W3CHttpResponseCodec.decode(W3CHttpResponseCodec.java:122)
	at org.openqa.selenium.remote.http.W3CHttpResponseCodec.decode(W3CHttpResponseCodec.java:49)
	at org.openqa.selenium.remote.HttpCommandExecutor.execute(HttpCommandExecutor.java:158)
	at org.openqa.selenium.remote.service.DriverCommandExecutor.execute(DriverCommandExecutor.java:83)
	at org.openqa.selenium.remote.RemoteWebDriver.execute(RemoteWebDriver.java:552)
	at org.openqa.selenium.remote.RemoteWebDriver.findElement(RemoteWebDriver.java:323)
	at org.openqa.selenium.remote.RemoteWebDriver.findElementById(RemoteWebDriver.java:372)
	at org.openqa.selenium.By$ById.findElement(By.java:188)
	at org.openqa.selenium.remote.RemoteWebDriver.findElement(RemoteWebDriver.java:315)
	at net.thucydides.core.webdriver.WebDriverFacade.findElement(WebDriverFacade.java:222)
	at net.serenitybdd.core.pages.WebElementResolverByLocator.resolveForDriver(WebElementResolverByLocator.java:18)
	at net.serenitybdd.core.pages.WebElementFacadeImpl.getElement(WebElementFacadeImpl.java:221)
	at net.serenitybdd.core.pages.WebElementExpectations$3.apply(WebElementExpectations.java:63)
	at net.serenitybdd.core.pages.WebElementExpectations$3.apply(WebElementExpectations.java:55)
	at org.openqa.selenium.support.ui.FluentWait.until(FluentWait.java:249)
	at net.serenitybdd.core.pages.WebElementFacadeImpl.waitUntilEnabled(WebElementFacadeImpl.java:1146)
	at net.serenitybdd.core.pages.WebElementFacadeImpl.waitUntilElementAvailable(WebElementFacadeImpl.java:954)
	at net.serenitybdd.core.pages.WebElementFacadeImpl.type(WebElementFacadeImpl.java:811)
	at net.serenitybdd.screenplay.actions.EnterValueIntoTarget.performAs(EnterValueIntoTarget.java:18)
	at net.serenitybdd.screenplay.actions.EnterValueIntoTarget$ByteBuddy$OkdlobDO.performAs$accessor$Xwy6g8z0(Unknown Source)
	at sun.reflect.NativeMethodAccessorImpl.invoke0(Native Method)
	at sun.reflect.NativeMethodAccessorImpl.invoke(NativeMethodAccessorImpl.java:62)
	at sun.reflect.DelegatingMethodAccessorImpl.invoke(DelegatingMethodAccessorImpl.java:43)
	at java.lang.reflect.Method.invoke(Method.java:498)
	at net.thucydides.core.steps.StepInterceptor.invokeMethod(StepInterceptor.java:471)
	at net.thucydides.core.steps.StepInterceptor.executeTestStepMethod(StepInterceptor.java:451)
	at net.thucydides.core.steps.StepInterceptor.runTestStep(StepInterceptor.java:424)
	at net.thucydides.core.steps.StepInterceptor.runOrSkipMethod(StepInterceptor.java:180)
	at net.thucydides.core.steps.StepInterceptor.testStepResult(StepInterceptor.java:167)
	at net.thucydides.core.steps.StepInterceptor.intercept(StepInterceptor.java:75)
	at net.serenitybdd.screenplay.actions.EnterValueIntoTarget$ByteBuddy$OkdlobDO.performAs(Unknown Source)
	at net.serenitybdd.screenplay.Actor.performTask(Actor.java:233)
	at net.serenitybdd.screenplay.Actor.perform(Actor.java:214)
	at net.serenitybdd.screenplay.Actor.attemptsTo(Actor.java:171)
	at co.com.choucair.sam.tasks.FillCiudadPega.performAs(FillCiudadPega.java:35)
	at co.com.choucair.sam.tasks.FillCiudadPega$ByteBuddy$lkW0BH80.performAs$accessor$KLcDWpG0(Unknown Source)
	at sun.reflect.NativeMethodAccessorImpl.invoke0(Native Method)
	at sun.reflect.NativeMethodAccessorImpl.invoke(NativeMethodAccessorImpl.java:62)
	at sun.reflect.DelegatingMethodAccessorImpl.invoke(DelegatingMethodAccessorImpl.java:43)
	at java.lang.reflect.Method.invoke(Method.java:498)
	at net.thucydides.core.steps.StepInterceptor.invokeMethod(StepInterceptor.java:471)
	at net.thucydides.core.steps.StepInterceptor.executeTestStepMethod(StepInterceptor.java:451)
	at net.thucydides.core.steps.StepInterceptor.runTestStep(StepInterceptor.java:424)
	at net.thucydides.core.steps.StepInterceptor.runOrSkipMethod(StepInterceptor.java:180)
	at net.thucydides.core.steps.StepInterceptor.testStepResult(StepInterceptor.java:167)
	at net.thucydides.core.steps.StepInterceptor.intercept(StepInterceptor.java:75)
	at co.com.choucair.sam.tasks.FillCiudadPega$ByteBuddy$lkW0BH80.performAs(Unknown Source)
	at net.serenitybdd.screenplay.Actor.performTask(Actor.java:233)
	at net.serenitybdd.screenplay.Actor.perform(Actor.java:214)
	at net.serenitybdd.screenplay.Actor.attemptsTo(Actor.java:171)
	at co.com.choucair.sam.stepdefinitions.StepDefinitions.theUserEntersTheRequiredDataInTheForm(StepDefinitions.java:27)
	at sun.reflect.NativeMethodAccessorImpl.invoke0(Native Method)
	at sun.reflect.NativeMethodAccessorImpl.invoke(NativeMethodAccessorImpl.java:62)
	at sun.reflect.DelegatingMethodAccessorImpl.invoke(DelegatingMethodAccessorImpl.java:43)
	at java.lang.reflect.Method.invoke(Method.java:498)
	at cucumber.runtime.Utils$1.call(Utils.java:31)
	at cucumber.runtime.Timeout.timeout(Timeout.java:16)
	at cucumber.runtime.Utils.invoke(Utils.java:25)
	at cucumber.runtime.java.JavaStepDefinition.execute(JavaStepDefinition.java:37)
	at cucumber.runtime.StepDefinitionMatch.runStep(StepDefinitionMatch.java:40)
	at cucumber.api.TestStep.executeStep(TestStep.java:102)
	at cucumber.api.TestStep.run(TestStep.java:83)
	at cucumber.api.TestCase.run(TestCase.java:58)
	at cucumber.runner.Runner.runPickle(Runner.java:80)
	at cucumber.runtime.junit.PickleRunners$NoStepDescriptions.run(PickleRunners.java:140)
	at cucumber.runtime.junit.FeatureRunner.runChild(FeatureRunner.java:68)
	at cucumber.runtime.junit.FeatureRunner.runChild(FeatureRunner.java:23)
	at org.junit.runners.ParentRunner$4.run(ParentRunner.java:331)
	at org.junit.runners.ParentRunner$1.schedule(ParentRunner.java:79)
	at org.junit.runners.ParentRunner.runChildren(ParentRunner.java:329)
	at org.junit.runners.ParentRunner.access$100(ParentRunner.java:66)
	at org.junit.runners.ParentRunner$2.evaluate(ParentRunner.java:293)
	at org.junit.runners.ParentRunner$3.evaluate(ParentRunner.java:306)
	at org.junit.runners.ParentRunner.run(ParentRunner.java:413)
	at cucumber.runtime.junit.FeatureRunner.run(FeatureRunner.java:73)
	at cucumber.api.junit.Cucumber.runChild(Cucumber.java:118)
	at cucumber.api.junit.Cucumber.runChild(Cucumber.java:56)
	at org.junit.runners.ParentRunner$4.run(ParentRunner.java:331)
	at org.junit.runners.ParentRunner$1.schedule(ParentRunner.java:79)
	at org.junit.runners.ParentRunner.runChildren(ParentRunner.java:329)
	at org.junit.runners.ParentRunner.access$100(ParentRunner.java:66)
	at org.junit.runners.ParentRunner$2.evaluate(ParentRunner.java:293)
	at cucumber.api.junit.Cucumber$1.evaluate(Cucumber.java:127)
	at org.junit.runners.ParentRunner$3.evaluate(ParentRunner.java:306)
	at org.junit.runners.ParentRunner.run(ParentRunner.java:413)
	at org.gradle.api.internal.tasks.testing.junit.JUnitTestClassExecutor.runTestClass(JUnitTestClassExecutor.java:110)
	at org.gradle.api.internal.tasks.testing.junit.JUnitTestClassExecutor.execute(JUnitTestClassExecutor.java:58)
	at org.gradle.api.internal.tasks.testing.junit.JUnitTestClassExecutor.execute(JUnitTestClassExecutor.java:38)
	at org.gradle.api.internal.tasks.testing.junit.AbstractJUnitTestClassProcessor.processTestClass(AbstractJUnitTestClassProcessor.java:62)
	at org.gradle.api.internal.tasks.testing.SuiteTestClassProcessor.processTestClass(SuiteTestClassProcessor.java:51)
	at sun.reflect.NativeMethodAccessorImpl.invoke0(Native Method)
	at sun.reflect.NativeMethodAccessorImpl.invoke(NativeMethodAccessorImpl.java:62)
	at sun.reflect.DelegatingMethodAccessorImpl.invoke(DelegatingMethodAccessorImpl.java:43)
	at java.lang.reflect.Method.invoke(Method.java:498)
	at org.gradle.internal.dispatch.ReflectionDispatch.dispatch(ReflectionDispatch.java:36)
	at org.gradle.internal.dispatch.ReflectionDispatch.dispatch(ReflectionDispatch.java:24)
	at org.gradle.internal.dispatch.ContextClassLoaderDispatch.dispatch(ContextClassLoaderDispatch.java:33)
	at org.gradle.internal.dispatch.ProxyDispatchAdapter$DispatchingInvocationHandler.invoke(ProxyDispatchAdapter.java:94)
	at com.sun.proxy.$Proxy2.processTestClass(Unknown Source)
	at org.gradle.api.internal.tasks.testing.worker.TestWorker$2.run(TestWorker.java:176)
	at org.gradle.api.internal.tasks.testing.worker.TestWorker.executeAndMaintainThreadName(TestWorker.java:129)
	at org.gradle.api.internal.tasks.testing.worker.TestWorker.execute(TestWorker.java:100)
	at org.gradle.api.internal.tasks.testing.worker.TestWorker.execute(TestWorker.java:60)
	at org.gradle.process.internal.worker.child.ActionExecutionWorker.execute(ActionExecutionWorker.java:56)
	at org.gradle.process.internal.worker.child.SystemApplicationClassLoaderWorker.call(SystemApplicationClassLoaderWorker.java:133)
	at org.gradle.process.internal.worker.child.SystemApplicationClassLoaderWorker.call(SystemApplicationClassLoaderWorker.java:71)
	at worker.org.gradle.process.internal.worker.GradleWorkerMain.run(GradleWorkerMain.java:69)
	at worker.org.gradle.process.internal.worker.GradleWorkerMain.main(GradleWorkerMain.java:74)
</failure>
  </testcase>
  <system-out><![CDATA[]]></system-out>
  <system-err><![CDATA[[Test worker] WARN net.thucydides.core.steps.BaseStepListener - stepStarted: net.thucydides.core.steps.ExecutedStepDescription@6c67e137
[Test worker] WARN net.thucydides.core.steps.BaseStepListener - stepStarted: net.thucydides.core.steps.ExecutedStepDescription@4d48bd85
[Test worker] WARN net.thucydides.core.steps.BaseStepListener - stepStarted: net.thucydides.core.steps.ExecutedStepDescription@66f659e6
oct 20, 2022 3:12:10 PM org.openqa.selenium.remote.DesiredCapabilities chrome
INFORMACIÓN: Using `new ChromeOptions()` is preferred to `DesiredCapabilities.chrome()`
[Test worker] INFO net.serenitybdd.core.webdriver.driverproviders.ProvideNewDriver - Instantiating driver
[Test worker] INFO net.serenitybdd.core.webdriver.driverproviders.ProvideNewDriver - Driver capabilities: Capabilities {acceptInsecureCerts: false, browserName: chrome, chrome.switches: --start-maximized, goog:chromeOptions: {args: [--start-maximized], extensions: []}, loggingPrefs: org.openqa.selenium.logging..., platform: ANY, version: }
Starting ChromeDriver 105.0.5195.52 (412c95e518836d8a7d97250d62b29c2ae6a26a85-refs/branch-heads/5195@{#853}) on port 37744
Only local connections are allowed.
Please see https://chromedriver.chromium.org/security-considerations for suggestions on keeping ChromeDriver safe.
ChromeDriver was started successfully.
[1666296733.318][WARNING]: This version of ChromeDriver has not been tested with Chrome version 106.
oct 20, 2022 3:12:13 PM org.openqa.selenium.remote.ProtocolHandshake createSession
INFORMACIÓN: Detected dialect: W3C
[Test worker] WARN net.thucydides.core.steps.BaseStepListener - stepFinished: current outcome:create a new user to enter the Utest page:Given create a new user for the page Utest [Samduarte open up [SamDuarte opens the Choucair academy page]]
[Test worker] WARN net.thucydides.core.steps.BaseStepListener - stepStarted: net.thucydides.core.steps.ExecutedStepDescription@5f36c8e3
[Test worker] WARN net.thucydides.core.steps.BaseStepListener - stepFinished: current outcome:create a new user to enter the Utest page:Given create a new user for the page Utest [Samduarte open up [SamDuarte opens the Choucair academy page, SamDuarte clicks on Boton para empezar el registro de usaurio]]
[Test worker] WARN net.thucydides.core.steps.BaseStepListener - stepFinished: current outcome:create a new user to enter the Utest page:Given create a new user for the page Utest [Samduarte open up [SamDuarte opens the Choucair academy page, SamDuarte clicks on Boton para empezar el registro de usaurio]]
[Test worker] WARN net.thucydides.core.steps.BaseStepListener - stepFinished: current outcome:create a new user to enter the Utest page:Given create a new user for the page Utest [Samduarte open up [SamDuarte opens the Choucair academy page, SamDuarte clicks on Boton para empezar el registro de usaurio]]
[Test worker] WARN net.thucydides.core.steps.BaseStepListener - stepStarted: net.thucydides.core.steps.ExecutedStepDescription@b73433
[Test worker] WARN net.thucydides.core.steps.BaseStepListener - stepStarted: net.thucydides.core.steps.ExecutedStepDescription@69d3cf7e
[Test worker] WARN net.thucydides.core.steps.BaseStepListener - stepStarted: net.thucydides.core.steps.ExecutedStepDescription@76bf1bb8
[Test worker] WARN net.thucydides.core.steps.BaseStepListener - stepFinished: current outcome:create a new user to enter the Utest page:Given create a new user for the page Utest [Samduarte open up [SamDuarte opens the Choucair academy page, SamDuarte clicks on Boton para empezar el registro de usaurio]], When the user enters the required data in the form
| strName | strLastName | strEmail | strMesCumpleanos | strDiaCumpleanos | strAnoCumpleanos | strLenguajesHablado | strCiudad | strPostal | strPais | strCompu | strVersion | strIdioma | strMovil | strModelo | strSistema | strContrase | strConFIR |
| Sam | Duarte | samduarte1997@gmail.com | April | 23 | 1997 | Spanish | Cartagena | 130011 | Colombia | Linux | Kubuntu | Spanish | Apple | iPhone XR | iOS 2.2 | Samduarte1997* | Samduarte1997* | [Samduarte fill information page [SamDuarte enters 'Sam' into Label para ingresar el nombre del usuario]]
[Test worker] WARN net.thucydides.core.steps.BaseStepListener - stepStarted: net.thucydides.core.steps.ExecutedStepDescription@61ae0d43
[Test worker] WARN net.thucydides.core.steps.BaseStepListener - stepFinished: current outcome:create a new user to enter the Utest page:Given create a new user for the page Utest [Samduarte open up [SamDuarte opens the Choucair academy page, SamDuarte clicks on Boton para empezar el registro de usaurio]], When the user enters the required data in the form
| strName | strLastName | strEmail | strMesCumpleanos | strDiaCumpleanos | strAnoCumpleanos | strLenguajesHablado | strCiudad | strPostal | strPais | strCompu | strVersion | strIdioma | strMovil | strModelo | strSistema | strContrase | strConFIR |
| Sam | Duarte | samduarte1997@gmail.com | April | 23 | 1997 | Spanish | Cartagena | 130011 | Colombia | Linux | Kubuntu | Spanish | Apple | iPhone XR | iOS 2.2 | Samduarte1997* | Samduarte1997* | [Samduarte fill information page [SamDuarte enters 'Sam' into Label para ingresar el nombre del usuario, SamDuarte enters 'Duarte' into Label para ingresar el apellido del usuario]]
[Test worker] WARN net.thucydides.core.steps.BaseStepListener - stepStarted: net.thucydides.core.steps.ExecutedStepDescription@1d0cac30
[Test worker] WARN net.thucydides.core.steps.BaseStepListener - stepFinished: current outcome:create a new user to enter the Utest page:Given create a new user for the page Utest [Samduarte open up [SamDuarte opens the Choucair academy page, SamDuarte clicks on Boton para empezar el registro de usaurio]], When the user enters the required data in the form
| strName | strLastName | strEmail | strMesCumpleanos | strDiaCumpleanos | strAnoCumpleanos | strLenguajesHablado | strCiudad | strPostal | strPais | strCompu | strVersion | strIdioma | strMovil | strModelo | strSistema | strContrase | strConFIR |
| Sam | Duarte | samduarte1997@gmail.com | April | 23 | 1997 | Spanish | Cartagena | 130011 | Colombia | Linux | Kubuntu | Spanish | Apple | iPhone XR | iOS 2.2 | Samduarte1997* | Samduarte1997* | [Samduarte fill information page [SamDuarte enters 'Sam' into Label para ingresar el nombre del usuario, SamDuarte enters 'Duarte' into Label para ingresar el apellido del usuario, SamDuarte enters 'samduarte1997@gmail.com' into Label para ingresar el correo del usuario]]
[Test worker] WARN net.thucydides.core.steps.BaseStepListener - stepStarted: net.thucydides.core.steps.ExecutedStepDescription@5438c17a
[Test worker] WARN net.thucydides.core.steps.BaseStepListener - stepFinished: current outcome:create a new user to enter the Utest page:Given create a new user for the page Utest [Samduarte open up [SamDuarte opens the Choucair academy page, SamDuarte clicks on Boton para empezar el registro de usaurio]], When the user enters the required data in the form
| strName | strLastName | strEmail | strMesCumpleanos | strDiaCumpleanos | strAnoCumpleanos | strLenguajesHablado | strCiudad | strPostal | strPais | strCompu | strVersion | strIdioma | strMovil | strModelo | strSistema | strContrase | strConFIR |
| Sam | Duarte | samduarte1997@gmail.com | April | 23 | 1997 | Spanish | Cartagena | 130011 | Colombia | Linux | Kubuntu | Spanish | Apple | iPhone XR | iOS 2.2 | Samduarte1997* | Samduarte1997* | [Samduarte fill information page [SamDuarte enters 'Sam' into Label para ingresar el nombre del usuario, SamDuarte enters 'Duarte' into Label para ingresar el apellido del usuario, SamDuarte enters 'samduarte1997@gmail.com' into Label para ingresar el correo del usuario, SamDuarte select April on Ingresar el mes de cumpleaÃ±os del usuario]]
[Test worker] WARN net.thucydides.core.steps.BaseStepListener - stepStarted: net.thucydides.core.steps.ExecutedStepDescription@6bbab114
[Test worker] WARN net.thucydides.core.steps.BaseStepListener - stepFinished: current outcome:create a new user to enter the Utest page:Given create a new user for the page Utest [Samduarte open up [SamDuarte opens the Choucair academy page, SamDuarte clicks on Boton para empezar el registro de usaurio]], When the user enters the required data in the form
| strName | strLastName | strEmail | strMesCumpleanos | strDiaCumpleanos | strAnoCumpleanos | strLenguajesHablado | strCiudad | strPostal | strPais | strCompu | strVersion | strIdioma | strMovil | strModelo | strSistema | strContrase | strConFIR |
| Sam | Duarte | samduarte1997@gmail.com | April | 23 | 1997 | Spanish | Cartagena | 130011 | Colombia | Linux | Kubuntu | Spanish | Apple | iPhone XR | iOS 2.2 | Samduarte1997* | Samduarte1997* | [Samduarte fill information page [SamDuarte enters 'Sam' into Label para ingresar el nombre del usuario, SamDuarte enters 'Duarte' into Label para ingresar el apellido del usuario, SamDuarte enters 'samduarte1997@gmail.com' into Label para ingresar el correo del usuario, SamDuarte select April on Ingresar el mes de cumpleaÃ±os del usuario, SamDuarte select 23 on Ingresar el dia de cumpleaÃ±os del usuario]]
[Test worker] WARN net.thucydides.core.steps.BaseStepListener - stepStarted: net.thucydides.core.steps.ExecutedStepDescription@16c1519e
[Test worker] WARN net.thucydides.core.steps.BaseStepListener - stepFinished: current outcome:create a new user to enter the Utest page:Given create a new user for the page Utest [Samduarte open up [SamDuarte opens the Choucair academy page, SamDuarte clicks on Boton para empezar el registro de usaurio]], When the user enters the required data in the form
| strName | strLastName | strEmail | strMesCumpleanos | strDiaCumpleanos | strAnoCumpleanos | strLenguajesHablado | strCiudad | strPostal | strPais | strCompu | strVersion | strIdioma | strMovil | strModelo | strSistema | strContrase | strConFIR |
| Sam | Duarte | samduarte1997@gmail.com | April | 23 | 1997 | Spanish | Cartagena | 130011 | Colombia | Linux | Kubuntu | Spanish | Apple | iPhone XR | iOS 2.2 | Samduarte1997* | Samduarte1997* | [Samduarte fill information page [SamDuarte enters 'Sam' into Label para ingresar el nombre del usuario, SamDuarte enters 'Duarte' into Label para ingresar el apellido del usuario, SamDuarte enters 'samduarte1997@gmail.com' into Label para ingresar el correo del usuario, SamDuarte select April on Ingresar el mes de cumpleaÃ±os del usuario, SamDuarte select 23 on Ingresar el dia de cumpleaÃ±os del usuario, SamDuarte select 1997 on Ingresar el aÃ±o de cumpleaÃ±os del usuario]]
[Test worker] WARN net.thucydides.core.steps.BaseStepListener - stepStarted: net.thucydides.core.steps.ExecutedStepDescription@3c952a33
[Test worker] WARN net.thucydides.core.steps.BaseStepListener - stepFinished: current outcome:create a new user to enter the Utest page:Given create a new user for the page Utest [Samduarte open up [SamDuarte opens the Choucair academy page, SamDuarte clicks on Boton para empezar el registro de usaurio]], When the user enters the required data in the form
| strName | strLastName | strEmail | strMesCumpleanos | strDiaCumpleanos | strAnoCumpleanos | strLenguajesHablado | strCiudad | strPostal | strPais | strCompu | strVersion | strIdioma | strMovil | strModelo | strSistema | strContrase | strConFIR |
| Sam | Duarte | samduarte1997@gmail.com | April | 23 | 1997 | Spanish | Cartagena | 130011 | Colombia | Linux | Kubuntu | Spanish | Apple | iPhone XR | iOS 2.2 | Samduarte1997* | Samduarte1997* | [Samduarte fill information page [SamDuarte enters 'Sam' into Label para ingresar el nombre del usuario, SamDuarte enters 'Duarte' into Label para ingresar el apellido del usuario, SamDuarte enters 'samduarte1997@gmail.com' into Label para ingresar el correo del usuario, SamDuarte select April on Ingresar el mes de cumpleaÃ±os del usuario, SamDuarte select 23 on Ingresar el dia de cumpleaÃ±os del usuario, SamDuarte select 1997 on Ingresar el aÃ±o de cumpleaÃ±os del usuario, SamDuarte clicks on Agregar idioma hablado]]
[Test worker] WARN net.thucydides.core.steps.BaseStepListener - stepStarted: net.thucydides.core.steps.ExecutedStepDescription@7186b202
[Test worker] WARN net.thucydides.core.steps.BaseStepListener - stepFinished: current outcome:create a new user to enter the Utest page:Given create a new user for the page Utest [Samduarte open up [SamDuarte opens the Choucair academy page, SamDuarte clicks on Boton para empezar el registro de usaurio]], When the user enters the required data in the form
| strName | strLastName | strEmail | strMesCumpleanos | strDiaCumpleanos | strAnoCumpleanos | strLenguajesHablado | strCiudad | strPostal | strPais | strCompu | strVersion | strIdioma | strMovil | strModelo | strSistema | strContrase | strConFIR |
| Sam | Duarte | samduarte1997@gmail.com | April | 23 | 1997 | Spanish | Cartagena | 130011 | Colombia | Linux | Kubuntu | Spanish | Apple | iPhone XR | iOS 2.2 | Samduarte1997* | Samduarte1997* | [Samduarte fill information page [SamDuarte enters 'Sam' into Label para ingresar el nombre del usuario, SamDuarte enters 'Duarte' into Label para ingresar el apellido del usuario, SamDuarte enters 'samduarte1997@gmail.com' into Label para ingresar el correo del usuario, SamDuarte select April on Ingresar el mes de cumpleaÃ±os del usuario, SamDuarte select 23 on Ingresar el dia de cumpleaÃ±os del usuario, SamDuarte select 1997 on Ingresar el aÃ±o de cumpleaÃ±os del usuario, SamDuarte clicks on Agregar idioma hablado, SamDuarte enters 'Spanish' then hits ARROW_DOWN and ENTER into Seleccionar el idioma espaÃ±ol como otro idioma]]
[Test worker] WARN net.thucydides.core.steps.BaseStepListener - stepStarted: net.thucydides.core.steps.ExecutedStepDescription@3c232051
[Test worker] WARN net.thucydides.core.steps.BaseStepListener - stepFinished: current outcome:create a new user to enter the Utest page:Given create a new user for the page Utest [Samduarte open up [SamDuarte opens the Choucair academy page, SamDuarte clicks on Boton para empezar el registro de usaurio]], When the user enters the required data in the form
| strName | strLastName | strEmail | strMesCumpleanos | strDiaCumpleanos | strAnoCumpleanos | strLenguajesHablado | strCiudad | strPostal | strPais | strCompu | strVersion | strIdioma | strMovil | strModelo | strSistema | strContrase | strConFIR |
| Sam | Duarte | samduarte1997@gmail.com | April | 23 | 1997 | Spanish | Cartagena | 130011 | Colombia | Linux | Kubuntu | Spanish | Apple | iPhone XR | iOS 2.2 | Samduarte1997* | Samduarte1997* | [Samduarte fill information page [SamDuarte enters 'Sam' into Label para ingresar el nombre del usuario, SamDuarte enters 'Duarte' into Label para ingresar el apellido del usuario, SamDuarte enters 'samduarte1997@gmail.com' into Label para ingresar el correo del usuario, SamDuarte select April on Ingresar el mes de cumpleaÃ±os del usuario, SamDuarte select 23 on Ingresar el dia de cumpleaÃ±os del usuario, SamDuarte select 1997 on Ingresar el aÃ±o de cumpleaÃ±os del usuario, SamDuarte clicks on Agregar idioma hablado, SamDuarte enters 'Spanish' then hits ARROW_DOWN and ENTER into Seleccionar el idioma espaÃ±ol como otro idioma, SamDuarte clicks on Boton para seguir con el formulario de ubicacion]]
[Test worker] WARN net.thucydides.core.steps.BaseStepListener - stepFinished: current outcome:create a new user to enter the Utest page:Given create a new user for the page Utest [Samduarte open up [SamDuarte opens the Choucair academy page, SamDuarte clicks on Boton para empezar el registro de usaurio]], When the user enters the required data in the form
| strName | strLastName | strEmail | strMesCumpleanos | strDiaCumpleanos | strAnoCumpleanos | strLenguajesHablado | strCiudad | strPostal | strPais | strCompu | strVersion | strIdioma | strMovil | strModelo | strSistema | strContrase | strConFIR |
| Sam | Duarte | samduarte1997@gmail.com | April | 23 | 1997 | Spanish | Cartagena | 130011 | Colombia | Linux | Kubuntu | Spanish | Apple | iPhone XR | iOS 2.2 | Samduarte1997* | Samduarte1997* | [Samduarte fill information page [SamDuarte enters 'Sam' into Label para ingresar el nombre del usuario, SamDuarte enters 'Duarte' into Label para ingresar el apellido del usuario, SamDuarte enters 'samduarte1997@gmail.com' into Label para ingresar el correo del usuario, SamDuarte select April on Ingresar el mes de cumpleaÃ±os del usuario, SamDuarte select 23 on Ingresar el dia de cumpleaÃ±os del usuario, SamDuarte select 1997 on Ingresar el aÃ±o de cumpleaÃ±os del usuario, SamDuarte clicks on Agregar idioma hablado, SamDuarte enters 'Spanish' then hits ARROW_DOWN and ENTER into Seleccionar el idioma espaÃ±ol como otro idioma, SamDuarte clicks on Boton para seguir con el formulario de ubicacion]]
[Test worker] WARN net.thucydides.core.steps.BaseStepListener - stepStarted: net.thucydides.core.steps.ExecutedStepDescription@3bfae028
[Test worker] WARN net.thucydides.core.steps.BaseStepListener - stepStarted: net.thucydides.core.steps.ExecutedStepDescription@29bcf51d
[Test worker] WARN net.thucydides.core.steps.BaseStepListener - stepFinished: current outcome:create a new user to enter the Utest page:Given create a new user for the page Utest [Samduarte open up [SamDuarte opens the Choucair academy page, SamDuarte clicks on Boton para empezar el registro de usaurio]], When the user enters the required data in the form
| strName | strLastName | strEmail | strMesCumpleanos | strDiaCumpleanos | strAnoCumpleanos | strLenguajesHablado | strCiudad | strPostal | strPais | strCompu | strVersion | strIdioma | strMovil | strModelo | strSistema | strContrase | strConFIR |
| Sam | Duarte | samduarte1997@gmail.com | April | 23 | 1997 | Spanish | Cartagena | 130011 | Colombia | Linux | Kubuntu | Spanish | Apple | iPhone XR | iOS 2.2 | Samduarte1997* | Samduarte1997* | [Samduarte fill information page [SamDuarte enters 'Sam' into Label para ingresar el nombre del usuario, SamDuarte enters 'Duarte' into Label para ingresar el apellido del usuario, SamDuarte enters 'samduarte1997@gmail.com' into Label para ingresar el correo del usuario, SamDuarte select April on Ingresar el mes de cumpleaÃ±os del usuario, SamDuarte select 23 on Ingresar el dia de cumpleaÃ±os del usuario, SamDuarte select 1997 on Ingresar el aÃ±o de cumpleaÃ±os del usuario, SamDuarte clicks on Agregar idioma hablado, SamDuarte enters 'Spanish' then hits ARROW_DOWN and ENTER into Seleccionar el idioma espaÃ±ol como otro idioma, SamDuarte clicks on Boton para seguir con el formulario de ubicacion], Samduarte fill ciudad pega [SamDuarte enters 'Cartagena' into Label para ingresar la ciudad]]
[Test worker] WARN net.thucydides.core.steps.BaseStepListener - stepStarted: net.thucydides.core.steps.ExecutedStepDescription@1c240cf2
[Test worker] WARN net.thucydides.core.steps.BaseStepListener - stepFinished: current outcome:create a new user to enter the Utest page:Given create a new user for the page Utest [Samduarte open up [SamDuarte opens the Choucair academy page, SamDuarte clicks on Boton para empezar el registro de usaurio]], When the user enters the required data in the form
| strName | strLastName | strEmail | strMesCumpleanos | strDiaCumpleanos | strAnoCumpleanos | strLenguajesHablado | strCiudad | strPostal | strPais | strCompu | strVersion | strIdioma | strMovil | strModelo | strSistema | strContrase | strConFIR |
| Sam | Duarte | samduarte1997@gmail.com | April | 23 | 1997 | Spanish | Cartagena | 130011 | Colombia | Linux | Kubuntu | Spanish | Apple | iPhone XR | iOS 2.2 | Samduarte1997* | Samduarte1997* | [Samduarte fill information page [SamDuarte enters 'Sam' into Label para ingresar el nombre del usuario, SamDuarte enters 'Duarte' into Label para ingresar el apellido del usuario, SamDuarte enters 'samduarte1997@gmail.com' into Label para ingresar el correo del usuario, SamDuarte select April on Ingresar el mes de cumpleaÃ±os del usuario, SamDuarte select 23 on Ingresar el dia de cumpleaÃ±os del usuario, SamDuarte select 1997 on Ingresar el aÃ±o de cumpleaÃ±os del usuario, SamDuarte clicks on Agregar idioma hablado, SamDuarte enters 'Spanish' then hits ARROW_DOWN and ENTER into Seleccionar el idioma espaÃ±ol como otro idioma, SamDuarte clicks on Boton para seguir con el formulario de ubicacion], Samduarte fill ciudad pega [SamDuarte enters 'Cartagena' into Label para ingresar la ciudad, SamDuarte types 'ARROW_DOWN' in Label para ingresar la ciudad]]
[Test worker] WARN net.thucydides.core.steps.BaseStepListener - stepStarted: net.thucydides.core.steps.ExecutedStepDescription@3e046e39
[Test worker] WARN net.thucydides.core.steps.BaseStepListener - stepFinished: current outcome:create a new user to enter the Utest page:Given create a new user for the page Utest [Samduarte open up [SamDuarte opens the Choucair academy page, SamDuarte clicks on Boton para empezar el registro de usaurio]], When the user enters the required data in the form
| strName | strLastName | strEmail | strMesCumpleanos | strDiaCumpleanos | strAnoCumpleanos | strLenguajesHablado | strCiudad | strPostal | strPais | strCompu | strVersion | strIdioma | strMovil | strModelo | strSistema | strContrase | strConFIR |
| Sam | Duarte | samduarte1997@gmail.com | April | 23 | 1997 | Spanish | Cartagena | 130011 | Colombia | Linux | Kubuntu | Spanish | Apple | iPhone XR | iOS 2.2 | Samduarte1997* | Samduarte1997* | [Samduarte fill information page [SamDuarte enters 'Sam' into Label para ingresar el nombre del usuario, SamDuarte enters 'Duarte' into Label para ingresar el apellido del usuario, SamDuarte enters 'samduarte1997@gmail.com' into Label para ingresar el correo del usuario, SamDuarte select April on Ingresar el mes de cumpleaÃ±os del usuario, SamDuarte select 23 on Ingresar el dia de cumpleaÃ±os del usuario, SamDuarte select 1997 on Ingresar el aÃ±o de cumpleaÃ±os del usuario, SamDuarte clicks on Agregar idioma hablado, SamDuarte enters 'Spanish' then hits ARROW_DOWN and ENTER into Seleccionar el idioma espaÃ±ol como otro idioma, SamDuarte clicks on Boton para seguir con el formulario de ubicacion], Samduarte fill ciudad pega [SamDuarte enters 'Cartagena' into Label para ingresar la ciudad, SamDuarte types 'ARROW_DOWN' in Label para ingresar la ciudad, SamDuarte types 'ENTER' in Label para ingresar la ciudad]]
[Test worker] WARN net.thucydides.core.steps.BaseStepListener - stepStarted: net.thucydides.core.steps.ExecutedStepDescription@7c90b7b7
[1666296757.702][WARNING]: Timed out connecting to Chrome, retrying...
[1666296768.255][WARNING]: Timed out connecting to Chrome, retrying...
[1666296778.759][WARNING]: Timed out connecting to Chrome, retrying...
[1666296789.253][WARNING]: Timed out connecting to Chrome, retrying...
[Test worker] WARN net.thucydides.core.steps.BaseStepListener - stepStarted: net.thucydides.core.steps.ExecutedStepDescription@168ad26f
[Test worker] WARN net.thucydides.core.steps.BaseStepListener - testFinished: create a new user to enter the Utest page:Given create a new user for the page Utest [Samduarte open up [SamDuarte opens the Choucair academy page, SamDuarte clicks on Boton para empezar el registro de usaurio]], When the user enters the required data in the form
| strName | strLastName | strEmail | strMesCumpleanos | strDiaCumpleanos | strAnoCumpleanos | strLenguajesHablado | strCiudad | strPostal | strPais | strCompu | strVersion | strIdioma | strMovil | strModelo | strSistema | strContrase | strConFIR |
| Sam | Duarte | samduarte1997@gmail.com | April | 23 | 1997 | Spanish | Cartagena | 130011 | Colombia | Linux | Kubuntu | Spanish | Apple | iPhone XR | iOS 2.2 | Samduarte1997* | Samduarte1997* | [Samduarte fill information page [SamDuarte enters 'Sam' into Label para ingresar el nombre del usuario, SamDuarte enters 'Duarte' into Label para ingresar el apellido del usuario, SamDuarte enters 'samduarte1997@gmail.com' into Label para ingresar el correo del usuario, SamDuarte select April on Ingresar el mes de cumpleaÃ±os del usuario, SamDuarte select 23 on Ingresar el dia de cumpleaÃ±os del usuario, SamDuarte select 1997 on Ingresar el aÃ±o de cumpleaÃ±os del usuario, SamDuarte clicks on Agregar idioma hablado, SamDuarte enters 'Spanish' then hits ARROW_DOWN and ENTER into Seleccionar el idioma espaÃ±ol como otro idioma, SamDuarte clicks on Boton para seguir con el formulario de ubicacion], Samduarte fill ciudad pega [SamDuarte enters 'Cartagena' into Label para ingresar la ciudad, SamDuarte types 'ARROW_DOWN' in Label para ingresar la ciudad, SamDuarte types 'ENTER' in Label para ingresar la ciudad, SamDuarte enters '130011' into Label para ingresar el codigo postal]], Then ends with user registration
[Test worker] WARN net.thucydides.core.steps.BaseStepListener - TestOutcomes: [create a new user to enter the Utest page:Given create a new user for the page Utest [Samduarte open up [SamDuarte opens the Choucair academy page, SamDuarte clicks on Boton para empezar el registro de usaurio]], When the user enters the required data in the form
| strName | strLastName | strEmail | strMesCumpleanos | strDiaCumpleanos | strAnoCumpleanos | strLenguajesHablado | strCiudad | strPostal | strPais | strCompu | strVersion | strIdioma | strMovil | strModelo | strSistema | strContrase | strConFIR |
| Sam | Duarte | samduarte1997@gmail.com | April | 23 | 1997 | Spanish | Cartagena | 130011 | Colombia | Linux | Kubuntu | Spanish | Apple | iPhone XR | iOS 2.2 | Samduarte1997* | Samduarte1997* | [Samduarte fill information page [SamDuarte enters 'Sam' into Label para ingresar el nombre del usuario, SamDuarte enters 'Duarte' into Label para ingresar el apellido del usuario, SamDuarte enters 'samduarte1997@gmail.com' into Label para ingresar el correo del usuario, SamDuarte select April on Ingresar el mes de cumpleaÃ±os del usuario, SamDuarte select 23 on Ingresar el dia de cumpleaÃ±os del usuario, SamDuarte select 1997 on Ingresar el aÃ±o de cumpleaÃ±os del usuario, SamDuarte clicks on Agregar idioma hablado, SamDuarte enters 'Spanish' then hits ARROW_DOWN and ENTER into Seleccionar el idioma espaÃ±ol como otro idioma, SamDuarte clicks on Boton para seguir con el formulario de ubicacion], Samduarte fill ciudad pega [SamDuarte enters 'Cartagena' into Label para ingresar la ciudad, SamDuarte types 'ARROW_DOWN' in Label para ingresar la ciudad, SamDuarte types 'ENTER' in Label para ingresar la ciudad, SamDuarte enters '130011' into Label para ingresar el codigo postal]], Then ends with user registration]
[Test worker] WARN net.thucydides.core.steps.BaseStepListener - Final testOutcomes: [create a new user to enter the Utest page:Given create a new user for the page Utest [Samduarte open up [SamDuarte opens the Choucair academy page, SamDuarte clicks on Boton para empezar el registro de usaurio]], When the user enters the required data in the form
| strName | strLastName | strEmail | strMesCumpleanos | strDiaCumpleanos | strAnoCumpleanos | strLenguajesHablado | strCiudad | strPostal | strPais | strCompu | strVersion | strIdioma | strMovil | strModelo | strSistema | strContrase | strConFIR |
| Sam | Duarte | samduarte1997@gmail.com | April | 23 | 1997 | Spanish | Cartagena | 130011 | Colombia | Linux | Kubuntu | Spanish | Apple | iPhone XR | iOS 2.2 | Samduarte1997* | Samduarte1997* | [Samduarte fill information page [SamDuarte enters 'Sam' into Label para ingresar el nombre del usuario, SamDuarte enters 'Duarte' into Label para ingresar el apellido del usuario, SamDuarte enters 'samduarte1997@gmail.com' into Label para ingresar el correo del usuario, SamDuarte select April on Ingresar el mes de cumpleaÃ±os del usuario, SamDuarte select 23 on Ingresar el dia de cumpleaÃ±os del usuario, SamDuarte select 1997 on Ingresar el aÃ±o de cumpleaÃ±os del usuario, SamDuarte clicks on Agregar idioma hablado, SamDuarte enters 'Spanish' then hits ARROW_DOWN and ENTER into Seleccionar el idioma espaÃ±ol como otro idioma, SamDuarte clicks on Boton para seguir con el formulario de ubicacion], Samduarte fill ciudad pega [SamDuarte enters 'Cartagena' into Label para ingresar la ciudad, SamDuarte types 'ARROW_DOWN' in Label para ingresar la ciudad, SamDuarte types 'ENTER' in Label para ingresar la ciudad, SamDuarte enters '130011' into Label para ingresar el codigo postal]], Then ends with user registration]
[Test worker] ERROR net.thucydides.core.steps.ConsoleLoggingListener - 
           __  _____ _____ ____ _____   _____ _    ___ _     _____ ____  
  _       / / |_   _| ____/ ___|_   _| |  ___/ \  |_ _| |   | ____|  _ \ 
 (_)_____| |    | | |  _| \___ \ | |   | |_ / _ \  | || |   |  _| | | | |
  _|_____| |    | | | |___ ___) || |   |  _/ ___ \ | || |___| |___| |_| |
 (_)     | |    |_| |_____|____/ |_|   |_|/_/   \_\___|_____|_____|____/ 
          \_\                                                            

TEST FAILED WITH ERROR: create a new user to enter the Utest page
---------------------------------------------------------------------
[Test worker] ERROR net.thucydides.core.steps.ConsoleLoggingListener - TEST FAILED AT STEP SamDuarte enters '130011' into Label para ingresar el codigo postal
[Test worker] ERROR net.thucydides.core.steps.ConsoleLoggingListener - The following error occurred: chrome not reachable
]]></system-err>
</testsuite>
